0 info it worked if it ends with ok
1 verbose cli [ 'node', '/usr/local/bin/npm', 'install', '-g', 'depcheck' ]
2 info using npm@1.4.28
3 info using node@v0.10.37
4 verbose cache add [ 'depcheck', null ]
5 verbose cache add name=undefined spec="depcheck" args=["depcheck",null]
6 verbose parsed url { protocol: null,
6 verbose parsed url   slashes: null,
6 verbose parsed url   auth: null,
6 verbose parsed url   host: null,
6 verbose parsed url   port: null,
6 verbose parsed url   hostname: null,
6 verbose parsed url   hash: null,
6 verbose parsed url   search: null,
6 verbose parsed url   query: null,
6 verbose parsed url   pathname: 'depcheck',
6 verbose parsed url   path: 'depcheck',
6 verbose parsed url   href: 'depcheck' }
7 silly lockFile 679412fe-depcheck depcheck
8 verbose lock depcheck /Users/Krishi/.npm/679412fe-depcheck.lock
9 silly lockFile 679412fe-depcheck depcheck
10 silly lockFile 679412fe-depcheck depcheck
11 verbose addNamed [ 'depcheck', '' ]
12 verbose addNamed [ null, '*' ]
13 silly lockFile 92e7d362-depcheck depcheck@
14 verbose lock depcheck@ /Users/Krishi/.npm/92e7d362-depcheck.lock
15 silly addNameRange { name: 'depcheck', range: '*', hasData: false }
16 verbose request where is /depcheck
17 verbose request registry https://registry.npmjs.org/
18 verbose request id bae012f9b63571e3
19 verbose url raw /depcheck
20 verbose url resolving [ 'https://registry.npmjs.org/', './depcheck' ]
21 verbose url resolved https://registry.npmjs.org/depcheck
22 verbose request where is https://registry.npmjs.org/depcheck
23 info trying registry request attempt 1 at 17:41:45
24 http GET https://registry.npmjs.org/depcheck
25 http 200 https://registry.npmjs.org/depcheck
26 silly registry.get cb [ 200,
26 silly registry.get   { server: 'CouchDB/1.5.0 (Erlang OTP/R16B03)',
26 silly registry.get     etag: '"4LK4DF627NG9LHJCAY6M73GK9"',
26 silly registry.get     'content-type': 'application/json',
26 silly registry.get     'content-encoding': 'gzip',
26 silly registry.get     'cache-control': 'max-age=300',
26 silly registry.get     'content-length': '8033',
26 silly registry.get     'accept-ranges': 'bytes',
26 silly registry.get     date: 'Fri, 27 May 2016 16:41:46 GMT',
26 silly registry.get     via: '1.1 varnish',
26 silly registry.get     age: '0',
26 silly registry.get     connection: 'keep-alive',
26 silly registry.get     'x-served-by': 'cache-lhr6329-LHR',
26 silly registry.get     'x-cache': 'HIT',
26 silly registry.get     'x-cache-hits': '1',
26 silly registry.get     'x-timer': 'S1464367306.089934,VS0,VE690',
26 silly registry.get     vary: 'Accept-Encoding' } ]
27 silly addNameRange number 2 { name: 'depcheck', range: '*', hasData: true }
28 silly addNameRange versions [ 'depcheck',
28 silly addNameRange   [ '0.1.0',
28 silly addNameRange     '0.2.0',
28 silly addNameRange     '0.3.0',
28 silly addNameRange     '0.3.1',
28 silly addNameRange     '0.4.0',
28 silly addNameRange     '0.4.1',
28 silly addNameRange     '0.4.2',
28 silly addNameRange     '0.4.3',
28 silly addNameRange     '0.4.5',
28 silly addNameRange     '0.4.6',
28 silly addNameRange     '0.4.7',
28 silly addNameRange     '0.5.9',
28 silly addNameRange     '0.5.10',
28 silly addNameRange     '0.5.11',
28 silly addNameRange     '0.6.0',
28 silly addNameRange     '0.7.0-beta.1',
28 silly addNameRange     '0.6.1',
28 silly addNameRange     '0.6.2',
28 silly addNameRange     '0.6.3' ] ]
29 verbose addNamed [ 'depcheck', '0.6.3' ]
30 verbose addNamed [ '0.6.3', '0.6.3' ]
31 silly lockFile fcae6cd9-depcheck-0-6-3 depcheck@0.6.3
32 verbose lock depcheck@0.6.3 /Users/Krishi/.npm/fcae6cd9-depcheck-0-6-3.lock
33 silly lockFile c2e1f2ca--org-depcheck-depcheck-0-6-3-tgz https://registry.npmjs.org/depcheck/-/depcheck-0.6.3.tgz
34 verbose lock https://registry.npmjs.org/depcheck/-/depcheck-0.6.3.tgz /Users/Krishi/.npm/c2e1f2ca--org-depcheck-depcheck-0-6-3-tgz.lock
35 verbose addRemoteTarball [ 'https://registry.npmjs.org/depcheck/-/depcheck-0.6.3.tgz',
35 verbose addRemoteTarball   '42e8a0df4467806c2eea7dad9d59c34d85c929fa' ]
36 info retry fetch attempt 1 at 17:41:46
37 verbose fetch to= /var/folders/bq/s1d_v6cd02g501ly16txvhjc0000gn/T/npm-16452-sP5x8T2I/registry.npmjs.org/depcheck/-/depcheck-0.6.3.tgz
38 http GET https://registry.npmjs.org/depcheck/-/depcheck-0.6.3.tgz
39 http 200 https://registry.npmjs.org/depcheck/-/depcheck-0.6.3.tgz
40 silly lockFile c2e1f2ca--org-depcheck-depcheck-0-6-3-tgz https://registry.npmjs.org/depcheck/-/depcheck-0.6.3.tgz
41 silly lockFile c2e1f2ca--org-depcheck-depcheck-0-6-3-tgz https://registry.npmjs.org/depcheck/-/depcheck-0.6.3.tgz
42 silly lockFile fcae6cd9-depcheck-0-6-3 depcheck@0.6.3
43 silly lockFile fcae6cd9-depcheck-0-6-3 depcheck@0.6.3
44 silly lockFile 92e7d362-depcheck depcheck@
45 silly lockFile 92e7d362-depcheck depcheck@
46 silly resolved [ { name: 'depcheck',
46 silly resolved     version: '0.6.3',
46 silly resolved     description: 'Check dependencies in your node module',
46 silly resolved     main: 'dist/index.js',
46 silly resolved     engines: { node: '>=0.12' },
46 silly resolved     bin: { depcheck: 'bin/depcheck' },
46 silly resolved     repository: { type: 'git', url: 'git://github.com/depcheck/depcheck.git' },
46 silly resolved     scripts:
46 silly resolved      { component: 'babel-node ./build/component.js > ./dist/component.json',
46 silly resolved        compile: 'babel src/ -d dist/',
46 silly resolved        depcheck: 'node ./bin/depcheck',
46 silly resolved        'depcheck-web': 'node ./bin/depcheck --json | depcheck-web',
46 silly resolved        'depcheck-json': 'node ./bin/depcheck --json | babel-node ./build/check-json',
46 silly resolved        prepublish: 'npm run compile && npm run component',
46 silly resolved        lint: 'eslint ./src ./test ./build',
46 silly resolved        test: 'babel-node node_modules/mocha/bin/_mocha ./test ./test/special --timeout 10000',
46 silly resolved        'test-coverage': 'babel-node node_modules/isparta/bin/isparta cover node_modules/mocha/bin/_mocha -- ./test ./test/special --timeout 10000' },
46 silly resolved     author: '',
46 silly resolved     keywords:
46 silly resolved      [ 'check',
46 silly resolved        'unused',
46 silly resolved        'package',
46 silly resolved        'packages',
46 silly resolved        'depcheck',
46 silly resolved        'dependency',
46 silly resolved        'dependencies',
46 silly resolved        'devDependencies' ],
46 silly resolved     license: 'MIT',
46 silly resolved     dependencies:
46 silly resolved      { 'babel-traverse': '^6.7.3',
46 silly resolved        babylon: '^6.1.21',
46 silly resolved        'builtin-modules': '^1.1.1',
46 silly resolved        deprecate: '^0.1.0',
46 silly resolved        'deps-regex': '^0.1.4',
46 silly resolved        'js-yaml': '^3.4.2',
46 silly resolved        lodash: '^4.5.1',
46 silly resolved        minimatch: '^3.0.0',
46 silly resolved        'require-package-name': '^2.0.1',
46 silly resolved        walkdir: '0.0.11',
46 silly resolved        yargs: '^4.0.0' },
46 silly resolved     devDependencies:
46 silly resolved      { 'babel-cli': '^6.1.1',
46 silly resolved        'babel-eslint': '6.0.0-beta.6',
46 silly resolved        'babel-plugin-add-module-exports': '^0.1.1',
46 silly resolved        'babel-plugin-transform-object-assign': '^6.1.18',
46 silly resolved        'babel-preset-es2015': '^6.0.15',
46 silly resolved        'babel-preset-stage-2': '^6.0.15',
46 silly resolved        'codecov.io': '^0.1.6',
46 silly resolved        'depcheck-web': '^0.1.0',
46 silly resolved        eslint: '^2.4.0',
46 silly resolved        'eslint-config-airbnb': '^6.0.1',
46 silly resolved        'fs-promise': '^0.5.0',
46 silly resolved        isparta: '^4.0.0',
46 silly resolved        mocha: '^2.1.0',
46 silly resolved        'node-sass': '^3.4.0',
46 silly resolved        'patch-version': '^0.1.1',
46 silly resolved        should: '^8.0.0',
46 silly resolved        typescript: '^1.8.0' },
46 silly resolved     gitHead: '9085c70ae62dba0a5c7f7c6f439400689cbb38c4',
46 silly resolved     bugs: { url: 'https://github.com/depcheck/depcheck/issues' },
46 silly resolved     homepage: 'https://github.com/depcheck/depcheck#readme',
46 silly resolved     _id: 'depcheck@0.6.3',
46 silly resolved     _shasum: '42e8a0df4467806c2eea7dad9d59c34d85c929fa',
46 silly resolved     _from: 'depcheck@',
46 silly resolved     _npmVersion: '3.8.3',
46 silly resolved     _nodeVersion: '5.10.0',
46 silly resolved     _npmUser: { name: 'lijunle', email: 'lijunle@gmail.com' },
46 silly resolved     dist:
46 silly resolved      { shasum: '42e8a0df4467806c2eea7dad9d59c34d85c929fa',
46 silly resolved        tarball: 'https://registry.npmjs.org/depcheck/-/depcheck-0.6.3.tgz' },
46 silly resolved     maintainers: [ [Object], [Object] ],
46 silly resolved     _npmOperationalInternal:
46 silly resolved      { host: 'packages-12-west.internal.npmjs.com',
46 silly resolved        tmp: 'tmp/depcheck-0.6.3.tgz_1459542322184_0.6962326015345752' },
46 silly resolved     directories: {},
46 silly resolved     _resolved: 'https://registry.npmjs.org/depcheck/-/depcheck-0.6.3.tgz' } ]
47 info install depcheck@0.6.3 into /usr/local/lib
48 info installOne depcheck@0.6.3
49 warn engine depcheck@0.6.3: wanted: {"node":">=0.12"} (current: {"node":"0.10.37","npm":"1.4.28"})
50 verbose lib/node_modules/depcheck unbuild
51 verbose tar unpack /Users/Krishi/.npm/depcheck/0.6.3/package.tgz
52 silly lockFile af3d7f58--local-lib-node-modules-depcheck tar:///usr/local/lib/node_modules/depcheck
53 verbose lock tar:///usr/local/lib/node_modules/depcheck /Users/Krishi/.npm/af3d7f58--local-lib-node-modules-depcheck.lock
54 silly lockFile 4eda55f2-i-npm-depcheck-0-6-3-package-tgz tar:///Users/Krishi/.npm/depcheck/0.6.3/package.tgz
55 verbose lock tar:///Users/Krishi/.npm/depcheck/0.6.3/package.tgz /Users/Krishi/.npm/4eda55f2-i-npm-depcheck-0-6-3-package-tgz.lock
56 silly gunzTarPerm modes [ '755', '644' ]
57 error Error: EACCES, mkdir '/usr/local/lib/node_modules/depcheck'
57 error  { [Error: EACCES, mkdir '/usr/local/lib/node_modules/depcheck']
57 error   errno: 3,
57 error   code: 'EACCES',
57 error   path: '/usr/local/lib/node_modules/depcheck',
57 error   fstream_type: 'Directory',
57 error   fstream_path: '/usr/local/lib/node_modules/depcheck',
57 error   fstream_class: 'DirWriter',
57 error   fstream_stack:
57 error    [ '/usr/local/lib/node_modules/npm/node_modules/fstream/lib/dir-writer.js:36:23',
57 error      '/usr/local/lib/node_modules/npm/node_modules/mkdirp/index.js:46:53',
57 error      'Object.oncomplete (fs.js:108:15)' ] }
58 error Please try running this command again as root/Administrator.
59 error System Darwin 15.5.0
60 error command "node" "/usr/local/bin/npm" "install" "-g" "depcheck"
61 error cwd /Users/Krishi/schreib
62 error node -v v0.10.37
63 error npm -v 1.4.28
64 error path /usr/local/lib/node_modules/depcheck
65 error fstream_path /usr/local/lib/node_modules/depcheck
66 error fstream_type Directory
67 error fstream_class DirWriter
68 error code EACCES
69 error errno 3
70 error stack Error: EACCES, mkdir '/usr/local/lib/node_modules/depcheck'
71 error fstream_stack /usr/local/lib/node_modules/npm/node_modules/fstream/lib/dir-writer.js:36:23
71 error fstream_stack /usr/local/lib/node_modules/npm/node_modules/mkdirp/index.js:46:53
71 error fstream_stack Object.oncomplete (fs.js:108:15)
72 verbose exit [ 3, true ]
